<?xml version="1.0" encoding="UTF-8"?>
<testsuite name="evision.evisionweb.repository.MemberRepositoryImplTest" tests="1" skipped="0" failures="0" errors="0" timestamp="2024-01-20T12:16:04" hostname="DESKTOP-J9M3EEB" time="0.029">
  <properties/>
  <testcase name="getAllMembers()" classname="evision.evisionweb.repository.MemberRepositoryImplTest" time="0.029"/>
  <system-out><![CDATA[result = true
]]></system-out>
  <system-err><![CDATA[]]></system-err>
</testsuite>
